<?xml version="1.0" encoding="UTF-8"?>
<!-- Generated by org.testng.reporters.JUnitReportReporter -->
<testsuite hostname="EPPLKATW0255" failures="0" tests="1" name="smoketests.ATagTest" time="11.425" errors="0" timestamp="2020-04-12T16:02:23 CEST" skipped="0">
  <testcase classname="smoketests.ATagTest" name="loginElementsPresentTest" time="11.425"/>
  <system-out/>
</testsuite> <!-- smoketests.ATagTest -->
